               total        used        free      shared  buff/cache   available
Mem:        16226116     4822184     7485284      655152     4918836    11403932
Swap:        8388604           0     8388604
               total        used        free      shared  buff/cache   available
Mem:        16226116     4849304     7449984      678772     4950620    11376812
Swap:        8388604           0     8388604
               total        used        free      shared  buff/cache   available
Mem:        16226116     4870148     7428724      695620     4967884    11355968
Swap:        8388604           0     8388604
               total        used        free      shared  buff/cache   available
Mem:        16226116     4857524     7441284      688204     4960532    11368592
Swap:        8388604           0     8388604
               total        used        free      shared  buff/cache   available
Mem:        16226116     4857328     7441416      692300     4964692    11368788
Swap:        8388604           0     8388604
               total        used        free      shared  buff/cache   available
Mem:        16226116     4860276     7438308      694576     4967128    11365840
Swap:        8388604           0     8388604
               total        used        free      shared  buff/cache   available
Mem:        16226116     4849560     7448928      692528     4965176    11376556
Swap:        8388604           0     8388604
               total        used        free      shared  buff/cache   available
Mem:        16226116     4838952     7459408      690772     4963548    11387164
Swap:        8388604           0     8388604
               total        used        free      shared  buff/cache   available
Mem:        16226116     4840376     7457792      686128     4959096    11385740
Swap:        8388604           0     8388604
